set ucliGUI::state
set ucliGUI::state
ucliCore::getToolPID
synopsys::env hasTB
trigger_hier_stack_context_switch 0
synUtils::setDVEInitPhase 1
synopsys::dump -type VPD -file /afs/ee.ust.hk/staff/ee/bxieaf/eesm5020/rp_adder/behav_sim/inter.vpd -locking
synopsys::dump -autoflush on -fid VPD0
set ::dve_fid VPD0
synUtils::setDVEInitPhase 0
ucliCore::getToolPID
synUtils::sendTool -active _icl_setToolSocket /tmp/smlnp70YGZU
synUtils::sendTool -active {_icl_start_rpc -version "Q-2020.03-SP1-1_Full64" -sync_file /tmp/vcs_dve_rpc.bxieaf.24731}
synUtils::sendTool -active {_icl_createSharedMemory /tmp/vcs_dve_general.bxieaf.24731}
config endofsim noexit
config onfail enable all
config syscaddplainmembers
config syscaddsourcenames
config syscaddstructtypes
synopsys::listing -disable
ucliGUI::vpdAddHierarchy -scope rp_adder_32bit_tb -depth 1 -file /afs/ee.ust.hk/staff/ee/bxieaf/eesm5020/rp_adder/behav_sim/inter.vpd; synopsys::dump -flush VPD0
synopsys::dump -add {rp_adder_32bit_tb.a rp_adder_32bit_tb.b rp_adder_32bit_tb.cin rp_adder_32bit_tb.cout rp_adder_32bit_tb.sum } -aggregates  -fid VPD0
synopsys::run
set ucliGUI::state
set ucliGUI::state
set ucliGUI::state
set ucliGUI::state
ucliGUI::getSignalValues -scope rp_adder_32bit_tb -radix {decimal } -list {{sum[31:0]} }
ucliGUI::getSignalValues -scope rp_adder_32bit_tb -radix {decimal } -list {{a[31:0]} }
ucliGUI::getSignalValues -scope rp_adder_32bit_tb -radix {decimal } -list {{b[31:0]} }
if [catch {gui_sim_terminate}] {gui_sim_terminate -kill}
synopsys::finish
set ucliGUI::state
set ucliGUI::state
ucli_exit
