22:26:46    16 -->                                                             [tcl] ucliGUI::connect -toolargs -ucligui -toolexe ./simv -pid 9785 -toolin /tmp/vcs_20220405142639_9784_bxieaf..stdin -toolout /tmp/vcs_20220405142639_9784_bxieaf..stdout  
22:26:46    17 -->                                                                 [tcl] set ucliGUI::state
22:26:46    18 -->                                                                     [tcl] gui_update_simulator_buttons
22:26:48    19 -->                                                                         [tcl] set ucliGUI::state
22:26:48    20 -->                                                                             [tcl] ucliCore::getToolPID
22:26:48    21 -->                                                                                 [tcl] synopsys::env hasTB
22:26:48    22 -->                                                                                     [tcl] trigger_hier_stack_context_switch 0
22:26:48    23 -->                                                                                         [tcl] synUtils::setDVEInitPhase 1
22:26:48    24 -->                                                                                             [tcl] gui_get_env SIMSETUP::SIMVPD
22:26:48    25 --> ...  [tcl] synopsys::dump -type VPD -file /afs/ee.ust.hk/staff/ee/bxieaf/eesm5020/bk_adder/layout_sim/inter.vpd -locking
22:26:48    26 --> ...      [tcl] synopsys::dump -autoflush on -fid VPD0
22:26:48    27 --> ...          [tcl] set ::dve_fid VPD0
22:26:48    28 --> ...              [tcl] synUtils::setDVEInitPhase 0
22:26:48    29 --> ...                  [tcl] ucliCore::getToolPID
22:26:48    30 --> ...                      [tcl] synUtils::sendTool -active _icl_setToolSocket /tmp/smlnpYu3NEc
22:26:48    31 --> ...                          [tcl] synUtils::sendTool -active {_icl_start_rpc -version "Q-2020.03-SP1-1_Full64" -sync_file /tmp/vcs_dve_rpc.bxieaf.9785}
22:26:48    32 --> ...                              [tcl] synUtils::sendTool -active {_icl_createSharedMemory /tmp/vcs_dve_general.bxieaf.9785}
22:26:48    33 --> ...                                  [tcl] dveMisc::vbusExpand bk_adder_32bit_tb
22:26:49    34 --> ...                                      [tcl] config endofsim noexit
22:26:49    35 --> ...                                          [tcl] config onfail enable all
22:26:49    36 --> ...                                              [tcl] config syscaddplainmembers
22:26:49    37 --> ...                                                  [tcl] config syscaddsourcenames
22:26:49    38 --> ...                                                      [tcl] config syscaddstructtypes
22:26:49    39 --> ...                                                          [tcl] synopsys::listing -disable
22:27:12    40 --> ...                                                              [tcl] synopsys::dump -add {bk_adder_32bit_tb.a bk_adder_32bit_tb.b bk_adder_32bit_tb.cin bk_adder_32bit_tb.cout bk_adder_32bit_tb.sum } -aggregates  -fid VPD0
22:27:17    41 --> ...                                                                  [tcl] synopsys::run
22:27:17    42 --> ...                                                                      [tcl] set ucliGUI::state
22:27:17    43 --> ...                                                                          [tcl] gui_update_simulator_buttons
22:27:17    44 --> ...                                                                              [tcl] set ucliGUI::state
22:27:17    45 --> ...                                                                                  [tcl] set ucliGUI::state
22:27:17    46 --> ...                                                                                      [tcl] set ucliGUI::state
22:27:17    47 --> ...                                                                                          [tcl] catch {senv activeDomain} dveMisc::result 
22:27:17    48 --> ...                                                                                              [tcl] set dveMisc::result
22:27:17    49 --> ...                                                                                                  [tcl] gui_update_simulator_buttons
22:27:29    50 --> ...  [tcl] ucliGUI::getSignalValues -scope bk_adder_32bit_tb -radix {decimal } -list {{sum[31:0]} }
22:27:29    51 --> ...      [tcl] ucliGUI::getSignalValues -scope bk_adder_32bit_tb -radix {decimal } -list {{a[31:0]} }
22:27:29    52 --> ...          [tcl] ucliGUI::getSignalValues -scope bk_adder_32bit_tb -radix {decimal } -list {{b[31:0]} }
22:32:05    53 --> ...              [tcl] if [catch {gui_sim_terminate}] {gui_sim_terminate -kill}
22:32:05    54 --> ...                  [tcl] synopsys::finish
22:32:05    55 --> ...                      [tcl] set ucliGUI::state
22:32:05    56 --> ...                          [tcl] gui_update_simulator_buttons
22:32:05    57 --> ...                              [tcl] set ucliGUI::state
22:32:05    58 --> ...                                  [tcl] catch {senv activeDomain} dveMisc::result 
22:32:05    59 --> ...                                      [tcl] set dveMisc::result
22:32:05    60 --> ...                                          [tcl] gui_update_simulator_buttons
22:32:05    61 --> ...                                              [tcl] catch {senv activeDomain} dveMisc::result 
22:32:05    62 --> ...                                                  [tcl] set dveMisc::result
22:32:05    63 --> ...                                                      [tcl] ucli_exit
