15:21:04    16 -->                                                             [tcl] ucliGUI::connect -toolargs -ucligui -toolexe ./simv -pid 1332 -toolin /tmp/vcs_20220406072055_1331_bxieaf..stdin -toolout /tmp/vcs_20220406072055_1331_bxieaf..stdout  
15:21:04    17 -->                                                                 [tcl] set ucliGUI::state
15:21:04    18 -->                                                                     [tcl] gui_update_simulator_buttons
15:21:05    19 -->                                                                         [tcl] set ucliGUI::state
15:21:05    20 -->                                                                             [tcl] ucliCore::getToolPID
15:21:05    21 -->                                                                                 [tcl] synopsys::env hasTB
15:21:05    22 -->                                                                                     [tcl] trigger_hier_stack_context_switch 0
15:21:05    23 -->                                                                                         [tcl] synUtils::setDVEInitPhase 1
15:21:05    24 -->                                                                                             [tcl] gui_get_env SIMSETUP::SIMVPD
15:21:05    25 --> ...  [tcl] synopsys::dump -type VPD -file /afs/ee.ust.hk/staff/ee/bxieaf/eesm5020/bk_adder/behav_sim/inter.vpd -locking
15:21:05    26 --> ...      [tcl] synopsys::dump -autoflush on -fid VPD0
15:21:05    27 --> ...          [tcl] set ::dve_fid VPD0
15:21:06    28 --> ...              [tcl] synUtils::setDVEInitPhase 0
15:21:06    29 --> ...                  [tcl] ucliCore::getToolPID
15:21:06    30 --> ...                      [tcl] synUtils::sendTool -active _icl_setToolSocket /tmp/smlnpxMqu76
15:21:06    31 --> ...                          [tcl] synUtils::sendTool -active {_icl_start_rpc -version "Q-2020.03-SP1-1_Full64" -sync_file /tmp/vcs_dve_rpc.bxieaf.1332}
15:21:06    32 --> ...                              [tcl] synUtils::sendTool -active {_icl_createSharedMemory /tmp/vcs_dve_general.bxieaf.1332}
15:21:06    33 --> ...                                  [tcl] dveMisc::vbusExpand bk_adder_32bit_tb
15:21:06    34 --> ...                                      [tcl] config endofsim noexit
15:21:06    35 --> ...                                          [tcl] config onfail enable all
15:21:06    36 --> ...                                              [tcl] config syscaddplainmembers
15:21:06    37 --> ...                                                  [tcl] config syscaddsourcenames
15:21:06    38 --> ...                                                      [tcl] config syscaddstructtypes
15:21:06    39 --> ...                                                          [tcl] synopsys::listing -disable
15:21:20    40 --> ...                                                              [tcl] synopsys::dump -add {bk_adder_32bit_tb.a bk_adder_32bit_tb.b bk_adder_32bit_tb.cin bk_adder_32bit_tb.cout bk_adder_32bit_tb.sum } -aggregates  -fid VPD0
15:21:28    41 --> ...                                                                  [tcl] ucliGUI::getSignalValues -scope bk_adder_32bit_tb -radix {decimal } -list {{sum[31:0]} }
15:21:28    42 --> ...                                                                      [tcl] ucliGUI::getSignalValues -scope bk_adder_32bit_tb -radix {decimal } -list {{a[31:0]} }
15:21:28    43 --> ...                                                                          [tcl] ucliGUI::getSignalValues -scope bk_adder_32bit_tb -radix {decimal } -list {{b[31:0]} }
15:21:36    44 --> ...                                                                              [tcl] synopsys::run
15:21:36    45 --> ...                                                                                  [tcl] set ucliGUI::state
15:21:36    46 --> ...                                                                                      [tcl] gui_update_simulator_buttons
15:21:36    47 --> ...                                                                                          [tcl] set ucliGUI::state
15:21:36    48 --> ...                                                                                              [tcl] set ucliGUI::state
15:21:36    49 --> ...                                                                                                  [tcl] set ucliGUI::state
15:21:36    50 --> ...  [tcl] catch {senv activeDomain} dveMisc::result 
15:21:36    51 --> ...      [tcl] set dveMisc::result
15:21:36    52 --> ...          [tcl] gui_update_simulator_buttons
15:25:06    53 --> ...              [tcl] if [catch {gui_sim_terminate}] {gui_sim_terminate -kill}
15:25:06    54 --> ...                  [tcl] synopsys::finish
15:25:06    55 --> ...                      [tcl] set ucliGUI::state
15:25:06    56 --> ...                          [tcl] gui_update_simulator_buttons
15:25:06    57 --> ...                              [tcl] set ucliGUI::state
15:25:06    58 --> ...                                  [tcl] catch {senv activeDomain} dveMisc::result 
15:25:06    59 --> ...                                      [tcl] set dveMisc::result
15:25:06    60 --> ...                                          [tcl] gui_update_simulator_buttons
15:25:06    61 --> ...                                              [tcl] catch {senv activeDomain} dveMisc::result 
15:25:06    62 --> ...                                                  [tcl] set dveMisc::result
15:25:07    63 --> ...                                                      [tcl] ucli_exit
