 
****************************************
Report : area
Design : bk_adder_32bit
Version: P-2019.03-SP5
Date   : Wed Apr  6 21:00:07 2022
****************************************

Library(s) Used:

    NangateOpenCellLibrary (File: /afs/ee.ust.hk/staff/ee/dept/public/elec516/eesm_5020_2017spring/eesm_5020/lib/NangateOpenCellLibrary_PDKv1_3_v2010_12/Front_End/Liberty/NLDM/NangateOpenCellLibrary_slow.db)

Number of ports:                          562
Number of nets:                           703
Number of cells:                          323
Number of combinational cells:            233
Number of sequential cells:                 0
Number of macros/black boxes:               0
Number of buf/inv:                         56
Number of references:                      89

Combinational area:                252.167999
Buf/Inv area:                       29.792000
Noncombinational area:               0.000000
Macro/Black Box area:                0.000000
Net Interconnect area:      undefined  (Wire load has zero net area)

Total cell area:                   252.167999
Total area:                 undefined
1
