
                           Design Compiler Graphical 
                                 DC Ultra (TM)
                                  DFTMAX (TM)
                              Power Compiler (TM)
                                 DesignWare (R)
                                 DC Expert (TM)
                               Design Vision (TM)
                               HDL Compiler (TM)
                               VHDL Compiler (TM)
                                  DFT Compiler
                               Design Compiler(R)

               Version P-2019.03-SP5 for linux64 - Oct 17, 2019 

                    Copyright (c) 1988 - 2019 Synopsys, Inc.
   This software and the associated documentation are proprietary to Synopsys,
 Inc. This software may only be used in accordance with the terms and conditions
 of a written license agreement with Synopsys, Inc. All other use, reproduction,
            or distribution of this software is strictly prohibited.
Initializing...
################################################################################
# Filename: dc.tcl
# Author: ZHU Jingyang
# Email: jzhuak@connect.ust.hk
# Affiliation: Hong Kong University of Science and Technology
# -------------------------------------------------------------------------------
# This is the template Design Compiler script for ELEC5160/EESM5020.
################################################################################
################################################################################
# Step 0: create directories for results and reports
################################################################################
file mkdir reports; # store area, timing, power reports
file mkdir results; # store design
################################################################################
# Step 1: digital standard cell library set up
# You should specify the following paths accordingly:
# - search_path
# - target_library
# - link_library
################################################################################
set_app_var search_path ". /afs/ee.ust.hk/staff/ee/dept/public/elec516/eesm_5020_2017spring/eesm_5020/lib/NangateOpenCellLibrary_PDKv1_3_v2010_12/Front_End/Liberty/NLDM ../rtl $search_path"
. /afs/ee.ust.hk/staff/ee/dept/public/elec516/eesm_5020_2017spring/eesm_5020/lib/NangateOpenCellLibrary_PDKv1_3_v2010_12/Front_End/Liberty/NLDM ../rtl . /usr/eelocal/synopsys/syn-vp2019.03-sp5/libraries/syn /usr/eelocal/synopsys/syn-vp2019.03-sp5/dw/syn_ver /usr/eelocal/synopsys/syn-vp2019.03-sp5/dw/sim_ver
set_app_var target_library "NangateOpenCellLibrary_slow.db"
NangateOpenCellLibrary_slow.db
set_app_var synthetic_library dw_foundation.sldb
dw_foundation.sldb
set_app_var link_library "* $target_library $synthetic_library"
* NangateOpenCellLibrary_slow.db dw_foundation.sldb
################################################################################
# Step 2: import design
# You should specify the HDL files for your design accordingly.
# Note: the HDL files should be located in the search_path you defined above.
# Please do NOT import testbench or behavior memory model here.
################################################################################
define_design_lib WORK -path ./WORK
1
analyze -format verilog {rp_adder_32bit.v}
Running PRESTO HDLC
Compiling source file ../rtl/rp_adder_32bit.v
Presto compilation completed successfully.
Loading db file '/afs/ee.ust.hk/staff/ee/dept/public/elec516/eesm_5020_2017spring/eesm_5020/lib/NangateOpenCellLibrary_PDKv1_3_v2010_12/Front_End/Liberty/NLDM/NangateOpenCellLibrary_slow.db'
Loading db file '/usr/eelocal/synopsys/syn-vp2019.03-sp5/libraries/syn/dw_foundation.sldb'
1
elaborate rp_adder_32bit; # top module name
Loading db file '/usr/eelocal/synopsys/syn-vp2019.03-sp5/libraries/syn/gtech.db'
Loading db file '/usr/eelocal/synopsys/syn-vp2019.03-sp5/libraries/syn/standard.sldb'
  Loading link library 'NangateOpenCellLibrary'
  Loading link library 'gtech'
Running PRESTO HDLC
Presto compilation completed successfully. (rp_adder_32bit)
Elaborated 1 design.
Current design is now 'rp_adder_32bit'.
1
# store the unmapped results
write -hierarchy -format ddc -output results/rp_adder_32bit.unmapped.ddc
Writing ddc file 'results/rp_adder_32bit.unmapped.ddc'.
1
################################################################################
# Step 3: constrain your design
# You should specify the critical path, the input & output delay and the
# environment attribute of your design, so that Design Compiler can correctly
# synthesize your design with the required specfication.
################################################################################
# All the constraints are written in the following tcl script
source rp_adder_32bit.constraints.tcl
Warning: Creating virtual clock named 'VCLK' with no sources. (UID-348)
Warning: Can't find port 'VCLK' in design 'rp_adder_32bit'. (UID-95)
Warning: Can't find port 'VCLK' in design 'rp_adder_32bit'. (UID-95)
Warning: Can't find port 'VCLK' in design 'rp_adder_32bit'. (UID-95)
1
################################################################################
# Create default path groups
#
# Seperate these paths can help improve optimization results.
################################################################################
set ports_clock_root   [filter_collection [get_attribute [get_clocks] sources] object_class==port]
Warning: Attribute 'sources' does not exist on clock 'VCLK'. (UID-101)
group_path -name REGOUT -to [all_outputs]
1
group_path -name REGIN -from [remove_from_collection [all_inputs]   ${ports_clock_root}]
1
group_path -name FEEDTHROUGH -from   [remove_from_collection [all_inputs] ${ports_clock_root}] -to [all_outputs]
1
################################################################################
# Apply Additional Optimization Constraints
################################################################################
# Prevent assignment statements in the Verilog netlist.
set_fix_multiple_port_nets -all -buffer_constants
1
################################################################################
# Check for Design Errors. It is a good habit to check the design before you run
# the synthesis.
################################################################################
check_design -summary
1
check_design > reports/rp_adder_32bit.check_design.rpt; # dump to the file
################################################################################
# Step 4: compile the design
# There exits lots of option for compile command. Please check the manual of
# compile for further info.
################################################################################
compile
Information: Evaluating DesignWare library utilization. (UISN-27)

============================================================================
| DesignWare Building Block Library  |         Version         | Available |
============================================================================
| Basic DW Building Blocks           | P-2019.03-DWBB_201903.4 |     *     |
| Licensed DW Building Blocks        | P-2019.03-DWBB_201903.4 |           |
============================================================================



  Beginning Pass 1 Mapping
  ------------------------
  Processing 'rp_adder_32bit'

  Updating timing information
Information: Updating design information... (UID-85)

  Beginning Mapping Optimizations  (Medium effort)
  -------------------------------
  Mapping Optimization (Phase 1)

                                  TOTAL                                      
   ELAPSED            WORST NEG   SETUP    DESIGN                            
    TIME      AREA      SLACK     COST    RULE COST         ENDPOINT         
  --------- --------- --------- --------- --------- -------------------------
    0:00:01     283.8      0.71       4.6       0.0                          
    0:00:01     283.8      0.71       4.6       0.0                          
    0:00:01     283.8      0.71       4.6       0.0                          
    0:00:01     283.8      0.71       4.6       0.0                          
    0:00:01     283.8      0.71       4.6       0.0                          
    0:00:02     270.5      0.71       4.1       0.0                          
    0:00:02     282.0      1.44      14.7       0.0                          
    0:00:02     278.8      0.85       4.4       0.0                          
    0:00:02     277.7      0.65       3.8       0.0                          
    0:00:02     278.2      0.62       3.5       0.0                          
    0:00:02     278.2      0.62       3.5       0.0                          
    0:00:02     278.2      0.62       3.5       0.0                          
    0:00:02     278.2      0.62       3.5       0.0                          
    0:00:02     278.2      0.62       3.5       0.0                          
    0:00:02     278.2      0.62       3.5       0.0                          
    0:00:02     278.2      0.62       3.5       0.0                          
    0:00:02     278.2      0.62       3.5       0.0                          



  Beginning Delay Optimization Phase
  ----------------------------------

                                  TOTAL                                      
   ELAPSED            WORST NEG   SETUP    DESIGN                            
    TIME      AREA      SLACK     COST    RULE COST         ENDPOINT         
  --------- --------- --------- --------- --------- -------------------------
    0:00:02     278.2      0.62       3.5       0.0                          
    0:00:02     283.0      0.54       3.0       0.0 cout                     
    0:00:02     292.1      0.32       1.6       0.0 sum[30]                  
    0:00:02     297.7      0.26       1.3       0.0 sum[30]                  
    0:00:02     298.5      0.25       1.2       0.0 sum[30]                  
    0:00:02     301.1      0.09       0.3       0.0 sum[30]                  
    0:00:02     301.9      0.08       0.3       0.0 sum[30]                  
    0:00:02     303.8      0.06       0.2       0.0 sum[30]                  
    0:00:02     304.0      0.06       0.2       0.0 sum[30]                  
    0:00:03     303.5      0.06       0.2       0.0 sum[30]                  
    0:00:03     304.8      0.00       0.0       0.0                          
    0:00:03     304.8      0.00       0.0       0.0                          
    0:00:03     305.6      0.00       0.0       0.0                          


  Beginning Area-Recovery Phase  (cleanup)
  -----------------------------

                                  TOTAL                                      
   ELAPSED            WORST NEG   SETUP    DESIGN                            
    TIME      AREA      SLACK     COST    RULE COST         ENDPOINT         
  --------- --------- --------- --------- --------- -------------------------
    0:00:03     305.6      0.00       0.0       0.0                          
    0:00:03     305.6      0.00       0.0       0.0                          
    0:00:03     293.9      0.01       0.0       0.0                          
    0:00:03     292.6      0.01       0.0       0.0                          
    0:00:03     292.6      0.01       0.0       0.0                          
    0:00:03     292.6      0.01       0.0       0.0                          
    0:00:03     292.6      0.01       0.0       0.0                          
    0:00:03     295.3      0.00       0.0       0.0                          
    0:00:03     295.3      0.00       0.0       0.0                          
    0:00:03     293.1      0.00       0.0       0.0                          
    0:00:03     293.1      0.00       0.0       0.0                          
    0:00:03     293.1      0.00       0.0       0.0                          
    0:00:03     293.1      0.00       0.0       0.0                          
    0:00:03     293.1      0.00       0.0       0.0                          
    0:00:03     293.1      0.00       0.0       0.0                          
    0:00:03     293.1      0.00       0.0       0.0                          
Loading db file '/afs/ee.ust.hk/staff/ee/dept/public/elec516/eesm_5020_2017spring/eesm_5020/lib/NangateOpenCellLibrary_PDKv1_3_v2010_12/Front_End/Liberty/NLDM/NangateOpenCellLibrary_slow.db'


Note: Symbol # after min delay cost means estimated hold TNS across all active scenarios 


  Optimization Complete
  ---------------------
1
################################################################################
# Note: compile_ultra does not work for some open source libraries, i.e. Nangate
# since there are some cells missing for these libraries.
# Sol: use compile instead. You can use compile_ultra for the commerial library
# such TSMC45nm, which has a complete set of gates supported.
#
# compile_ultra -no_autoungroup; # keep hierarchy for the purpose of debug
################################################################################
# High-effort area optimization which improves the area without degrading the
# timing or leakage of the compiled design
optimize_netlist -area
Information: Performing power optimization. (PWR-850)
Alib files are up-to-date.
Information: Evaluating DesignWare library utilization. (UISN-27)

============================================================================
| DesignWare Building Block Library  |         Version         | Available |
============================================================================
| Basic DW Building Blocks           | P-2019.03-DWBB_201903.4 |     *     |
| Licensed DW Building Blocks        | P-2019.03-DWBB_201903.4 |     *     |
============================================================================


Loading db file '/afs/ee.ust.hk/staff/ee/dept/public/elec516/eesm_5020_2017spring/eesm_5020/lib/NangateOpenCellLibrary_PDKv1_3_v2010_12/Front_End/Liberty/NLDM/NangateOpenCellLibrary_slow.db'
Loaded alib file './alib-52/NangateOpenCellLibrary_slow.db.alib'

  Updating timing information


  Beginning Area Optimization
  -----------------------------

                                  TOTAL                                                
   ELAPSED            WORST NEG   SETUP    DESIGN                              LEAKAGE 
    TIME      AREA      SLACK     COST    RULE COST         ENDPOINT            POWER  
  --------- --------- --------- --------- --------- ------------------------- ---------
    0:00:06     293.1      0.00       0.0       0.0                           4436.7344
    0:00:07     272.1      0.00       0.0       0.0                           4044.0142
Loading db file '/afs/ee.ust.hk/staff/ee/dept/public/elec516/eesm_5020_2017spring/eesm_5020/lib/NangateOpenCellLibrary_PDKv1_3_v2010_12/Front_End/Liberty/NLDM/NangateOpenCellLibrary_slow.db'


Note: Symbol # after min delay cost means estimated hold TNS across all active scenarios 


  Optimization Complete
  ---------------------
1
################################################################################
# Step 5: write out final design and reports
# The files include:
# - .ddc: binary format used for subsequent Design Compiler sessions
# - .v: Verilog netlist for gate-level simulation and P&R
# - .sdf: SDF backannotated file containing gate and net latency
# - .sdc: SDC constraints for ASCII flow
################################################################################
change_names -rules verilog -hierarchy
1
# Write out design
write -format verilog -hierarchy -output results/rp_adder_32bit.mapped.v
Writing verilog file '/afs/ee.ust.hk/staff/ee/bxieaf/eesm5020/rp_adder/syn/results/rp_adder_32bit.mapped.v'.
1
write -format ddc -hierarchy -output results/rp_adder_32bit.mapped.ddc
Writing ddc file 'results/rp_adder_32bit.mapped.ddc'.
1
write_sdf results/rp_adder_32bit.mapped.sdf
Information: Annotated 'cell' delays are assumed to include load delay. (UID-282)
Information: Writing timing information to file '/afs/ee.ust.hk/staff/ee/bxieaf/eesm5020/rp_adder/syn/results/rp_adder_32bit.mapped.sdf'. (WT-3)
Information: Updating design information... (UID-85)
1
write_sdc -nosplit results/rp_adder_32bit.mapped.sdc
1
# Generate reports
report_qor > reports/rp_adder_32bit.mapped.qor.rpt
report_timing -transition_time -nets -attribute -nosplit   > reports/rp_adder_32bit.mapped.timing.rpt
report_area -nosplit > reports/rp_adder_32bit.mapped.area.rpt
report_power -nosplit > reports/rp_adder_32bit.mapped.power.rpt
################################################################################
# Exit Design Compiler
################################################################################
exit

Thank you...
