*----------------------------------------------------------------------------------------
*	Innovus 20.10-p004_1 (64bit) 05/07/2020 20:02 (Linux 2.6.32-431.11.2.el6.x86_64)
*	
*
* 	Date & Time:	2022-Apr-06 15:44:30 (2022-Apr-06 07:44:30 GMT)
*
*----------------------------------------------------------------------------------------
*
*	Design: rp_adder_32bit
*
*	Liberty Libraries used: 
*	        analysis_slow: /afs/ee.ust.hk/staff/ee/dept/public/elec516/eesm_5020_2017spring/eesm_5020/lib/NangateOpenCellLibrary_PDKv1_3_v2010_12/Front_End/Liberty/NLDM/NangateOpenCellLibrary_slow.lib
*
*	Power Domain used: 
*              Rail:        VDD      Voltage:       0.95 
*
*       Power View : analysis_slow
*
*       User-Defined Activity : N.A.
*
*       Activity File: N.A.
*
*       Hierarchical Global Activity: N.A.
*
*       Global Activity: N.A.
*
*       Sequential Element Activity: 0.200000
*
*       Primary Input Activity: 0.200000
*
*       Default icg ratio: N.A.
*
*       Global Comb ClockGate Ratio: N.A.
*
*	Power Units = 1mW
*
*	Time Units = 1e-09 secs 
*
*       report_power -outfile reports/rp_adder_32bit.routed.power.rpt
*
-----------------------------------------------------------------------------------------


Total Power 
-----------------------------------------------------------------------------------------
Total Internal Power:        0.02392797 	   50.9883%
Total Switching Power:       0.01892134 	   40.3196%
Total Leakage Power:         0.00407907 	    8.6921%
Total Power:                 0.04692837 
-----------------------------------------------------------------------------------------


Group                           Internal   Switching     Leakage       Total  Percentage 
                                Power      Power         Power         Power  (%)        
-----------------------------------------------------------------------------------------
Sequential                             0           0           0           0           0 
Macro                                  0           0           0           0           0 
IO                                     0           0           0           0           0 
Combinational                    0.02393     0.01892    0.004079     0.04693         100 
Clock (Combinational)                  0           0           0           0           0 
Clock (Sequential)                     0           0           0           0           0 
-----------------------------------------------------------------------------------------
Total                            0.02393     0.01892    0.004079     0.04693         100 
-----------------------------------------------------------------------------------------


Rail                  Voltage   Internal   Switching     Leakage       Total  Percentage 
                                Power      Power         Power         Power  (%)        
-----------------------------------------------------------------------------------------
VDD                      0.95    0.02393     0.01892    0.004079     0.04693         100 


-----------------------------------------------------------------------------------------
*	Power Distribution Summary: 
*                Highest Average Power:                      U429 (XOR2_X1):        0.0004536 
*                Highest Leakage Power:                      U273 (XOR2_X1):        2.523e-05 
*          Total Cap:      6.52013e-13 F
*          Total instances in design:   242
*          Total instances in design with no power:     0
*          Total instances in design with no activity:     0
*          Total Fillers and Decap:     0
-----------------------------------------------------------------------------------------

