*----------------------------------------------------------------------------------------
*	Innovus 20.10-p004_1 (64bit) 05/07/2020 20:02 (Linux 2.6.32-431.11.2.el6.x86_64)
*	
*
* 	Date & Time:	2022-Apr-06 15:39:14 (2022-Apr-06 07:39:14 GMT)
*
*----------------------------------------------------------------------------------------
*
*	Design: bk_adder_32bit
*
*	Liberty Libraries used: 
*	        analysis_slow: /afs/ee.ust.hk/staff/ee/dept/public/elec516/eesm_5020_2017spring/eesm_5020/lib/NangateOpenCellLibrary_PDKv1_3_v2010_12/Front_End/Liberty/NLDM/NangateOpenCellLibrary_slow.lib
*
*	Power Domain used: 
*              Rail:        VDD      Voltage:       0.95 
*
*       Power View : analysis_slow
*
*       User-Defined Activity : N.A.
*
*       Activity File: N.A.
*
*       Hierarchical Global Activity: N.A.
*
*       Global Activity: N.A.
*
*       Sequential Element Activity: 0.200000
*
*       Primary Input Activity: 0.200000
*
*       Default icg ratio: N.A.
*
*       Global Comb ClockGate Ratio: N.A.
*
*	Power Units = 1mW
*
*	Time Units = 1e-09 secs 
*
*       report_power -outfile reports/bk_adder_32bit.routed.power.rpt
*
-----------------------------------------------------------------------------------------


Total Power 
-----------------------------------------------------------------------------------------
Total Internal Power:        0.02359283 	   49.9360%
Total Switching Power:       0.01971769 	   41.7340%
Total Leakage Power:         0.00393560 	    8.3300%
Total Power:                 0.04724612 
-----------------------------------------------------------------------------------------


Group                           Internal   Switching     Leakage       Total  Percentage 
                                Power      Power         Power         Power  (%)        
-----------------------------------------------------------------------------------------
Sequential                             0           0           0           0           0 
Macro                                  0           0           0           0           0 
IO                                     0           0           0           0           0 
Combinational                    0.02359     0.01972    0.003936     0.04725         100 
Clock (Combinational)                  0           0           0           0           0 
Clock (Sequential)                     0           0           0           0           0 
-----------------------------------------------------------------------------------------
Total                            0.02359     0.01972    0.003936     0.04725         100 
-----------------------------------------------------------------------------------------


Rail                  Voltage   Internal   Switching     Leakage       Total  Percentage 
                                Power      Power         Power         Power  (%)        
-----------------------------------------------------------------------------------------
VDD                      0.95    0.02359     0.01972    0.003936     0.04725         100 


-----------------------------------------------------------------------------------------
*	Power Distribution Summary: 
*                Highest Average Power:                    DO4/U2 (INV_X1):        0.0005364 
*                Highest Leakage Power:      PG_generate_0__PG/U2 (XOR2_X1):        2.493e-05 
*          Total Cap:      6.96151e-13 F
*          Total instances in design:   233
*          Total instances in design with no power:     0
*          Total instances in design with no activity:     0
*          Total Fillers and Decap:     0
-----------------------------------------------------------------------------------------

