# Preference setting overrides
gui_create_pref_key -category {Globals} -key {load_detail_for_funcov} -value_type {bool} -value {false}

# State setting overrides
gui_state_default_create -off -ini
gui_set_state_value -category Layout -key child_console_size_x -value 1698
gui_set_state_value -category Layout -key child_console_size_y -value 230
gui_set_state_value -category Layout -key child_data_size_x -value 166
gui_set_state_value -category Layout -key child_data_size_y -value 546
gui_set_state_value -category Layout -key child_hier_col3 -value {-1}
gui_set_state_value -category Layout -key child_hier_colpd -value 0
gui_set_state_value -category Layout -key child_hier_size_x -value 166
gui_set_state_value -category Layout -key child_hier_size_y -value 546
gui_set_state_value -category Layout -key child_source_docknewline -value false
gui_set_state_value -category Layout -key child_source_pos_x -value {-2}
gui_set_state_value -category Layout -key child_source_pos_y -value {-15}
gui_set_state_value -category Layout -key child_source_size_x -value 1369
gui_set_state_value -category Layout -key child_source_size_y -value 541
gui_set_state_value -category Layout -key child_wave_colname -value 160
gui_set_state_value -category Layout -key child_wave_colvalue -value 159
gui_set_state_value -category Layout -key child_wave_left -value 323
gui_set_state_value -category Layout -key child_wave_right -value 1310
gui_set_state_value -category Layout -key main_pos_x -value 8
gui_set_state_value -category Layout -key main_pos_y -value 31
gui_set_state_value -category Layout -key main_size_x -value 1706
gui_set_state_value -category Layout -key main_size_y -value 906
gui_set_state_value -category Layout -key stand_wave_child_docknewline -value false
gui_set_state_value -category Layout -key stand_wave_child_pos_x -value {-2}
gui_set_state_value -category Layout -key stand_wave_child_pos_y -value {-15}
gui_set_state_value -category Layout -key stand_wave_child_size_x -value 1643
gui_set_state_value -category Layout -key stand_wave_child_size_y -value 754
gui_set_state_value -category Layout -key stand_wave_top_pos_x -value 8
gui_set_state_value -category Layout -key stand_wave_top_pos_y -value 31
gui_set_state_value -category Layout -key stand_wave_top_size_x -value 1646
gui_set_state_value -category Layout -key stand_wave_top_size_y -value 889
gui_create_state_key -category FindDialog -key m_pMatchCase -value_type bool -value false
gui_create_state_key -category FindDialog -key m_pMatchWord -value_type bool -value false
gui_create_state_key -category FindDialog -key m_pUseCombo -value_type string -value {}
gui_create_state_key -category FindDialog -key m_pWrapAround -value_type bool -value true
gui_create_state_key -category Widget_History -key {dlgSimSetup|m_setupTab|tab pages|BuildTab|m_rebuildBtnGroup|m_customCmdCombo} -value_type string -value ./run
gui_create_state_key -category Widget_History -key {dlgSimSetup|m_setupTab|tab pages|BuildTab|m_rebuildBtnGroup|m_customDirCombo} -value_type string -value {/ /afs/ee.ust.hk/staff/ee/bxieaf/eesm5020/bk_adder/behav_sim/}
gui_create_state_key -category Widget_History -key {dlgSimSetup|m_setupTab|tab pages|SimTab|m_VPDCombo} -value_type string -value inter.vpd
gui_create_state_key -category Widget_History -key {dlgSimSetup|m_setupTab|tab pages|SimTab|m_argsCombo} -value_type string -value {{-ucligui }}
gui_create_state_key -category Widget_History -key {dlgSimSetup|m_setupTab|tab pages|SimTab|m_curDirCombo} -value_type string -value /afs/ee.ust.hk/staff/ee/bxieaf/eesm5020/bk_adder/behav_sim
gui_create_state_key -category Widget_History -key {dlgSimSetup|m_setupTab|tab pages|SimTab|m_exeCombo} -value_type string -value {./simv /afs/ee.ust.hk/staff/ee/bxieaf/eesm5020/bk_adder/behav_sim/simv}
gui_state_default_create -off

# Begin command logging
gui_sim_run Ucli -exe ./simv -args {-ucligui  } -dir .
gui_list_select -id Data.1 -selected  { {rp_adder_32bit_tb.sum[31:0]}   }
gui_list_select -id Data.1 -selected  { {rp_adder_32bit_tb.sum[31:0]}  rp_adder_32bit_tb.cout  {rp_adder_32bit_tb.a[31:0]}  {rp_adder_32bit_tb.b[31:0]}  rp_adder_32bit_tb.cin   }
gui_open_window Wave
gui_list_add -id Wave.1 -from Data.1 { {rp_adder_32bit_tb.sum[31:0]} rp_adder_32bit_tb.cout {rp_adder_32bit_tb.a[31:0]} {rp_adder_32bit_tb.b[31:0]} rp_adder_32bit_tb.cin } -insertionbar
gui_list_select -id Wave.1 -selected  { {rp_adder_32bit_tb.sum[31:0]}   }
gui_list_select -id Wave.1 -selected  { {rp_adder_32bit_tb.sum[31:0]}  rp_adder_32bit_tb.cout  {rp_adder_32bit_tb.a[31:0]}  {rp_adder_32bit_tb.b[31:0]}  rp_adder_32bit_tb.cin   }
gui_list_set_selected_property -id Wave.1 -radix decimal
gui_list_select -id Wave.1 -selected  {  }
gui_sim_continue  
gui_zoom -window  Wave.1  -full
gui_zoom -window  Wave.1  -full
gui_marker_select -id  Wave.1 { C1 }
gui_marker_move -id  Wave.1 C1 10976
gui_wv_zoom_timerange -id  Wave.1 9077 12454
gui_marker_move -id  Wave.1 C1 11004
gui_view_port_history -window Wave.1 -previous
gui_close_window -window TopLevel.2
