02:31:11    16 -->                                                             [tcl] ucliGUI::connect -toolargs -ucligui -toolexe ./simv -pid 8020 -toolin /tmp/vcs_20220404183102_8018_bxieaf..stdin -toolout /tmp/vcs_20220404183102_8018_bxieaf..stdout  
02:31:11    17 -->                                                                 [tcl] set ucliGUI::state
02:31:11    18 -->                                                                     [tcl] gui_update_simulator_buttons
02:31:13    19 -->                                                                         [tcl] set ucliGUI::state
02:31:13    20 -->                                                                             [tcl] ucliCore::getToolPID
02:31:13    21 -->                                                                                 [tcl] synopsys::env hasTB
02:31:13    22 -->                                                                                     [tcl] trigger_hier_stack_context_switch 0
02:31:13    23 -->                                                                                         [tcl] synUtils::setDVEInitPhase 1
02:31:13    24 -->                                                                                             [tcl] gui_get_env SIMSETUP::SIMVPD
02:31:13    25 --> ...  [tcl] synopsys::dump -type VPD -file /afs/ee.ust.hk/staff/ee/bxieaf/eesm5020/bk_adder/syn_sim/inter.vpd -locking
02:31:13    26 --> ...      [tcl] synopsys::dump -autoflush on -fid VPD0
02:31:13    27 --> ...          [tcl] set ::dve_fid VPD0
02:31:13    28 --> ...              [tcl] synUtils::setDVEInitPhase 0
02:31:13    29 --> ...                  [tcl] ucliCore::getToolPID
02:31:13    30 --> ...                      [tcl] synUtils::sendTool -active _icl_setToolSocket /tmp/smlnpIcSKCs
02:31:13    31 --> ...                          [tcl] synUtils::sendTool -active {_icl_start_rpc -version "Q-2020.03-SP1-1_Full64" -sync_file /tmp/vcs_dve_rpc.bxieaf.8020}
02:31:13    32 --> ...                              [tcl] synUtils::sendTool -active {_icl_createSharedMemory /tmp/vcs_dve_general.bxieaf.8020}
02:31:14    33 --> ...                                  [tcl] dveMisc::vbusExpand bk_adder_32bit_tb
02:31:14    34 --> ...                                      [tcl] config endofsim noexit
02:31:14    35 --> ...                                          [tcl] config onfail enable all
02:31:14    36 --> ...                                              [tcl] config syscaddplainmembers
02:31:14    37 --> ...                                                  [tcl] config syscaddsourcenames
02:31:14    38 --> ...                                                      [tcl] config syscaddstructtypes
02:31:14    39 --> ...                                                          [tcl] synopsys::listing -disable
02:32:46    40 --> ...                                                              [tcl] synopsys::dump -add {bk_adder_32bit_tb.a bk_adder_32bit_tb.b bk_adder_32bit_tb.cin bk_adder_32bit_tb.cout bk_adder_32bit_tb.sum } -aggregates  -fid VPD0
02:32:49    41 --> ...                                                                  [tcl] synopsys::run
02:32:49    42 --> ...                                                                      [tcl] set ucliGUI::state
02:32:49    43 --> ...                                                                          [tcl] gui_update_simulator_buttons
02:32:49    44 --> ...                                                                              [tcl] set ucliGUI::state
02:32:49    45 --> ...                                                                                  [tcl] set ucliGUI::state
02:32:49    46 --> ...                                                                                      [tcl] set ucliGUI::state
02:32:49    47 --> ...                                                                                          [tcl] catch {senv activeDomain} dveMisc::result 
02:32:49    48 --> ...                                                                                              [tcl] set dveMisc::result
02:32:49    49 --> ...                                                                                                  [tcl] gui_update_simulator_buttons
02:33:06    50 --> ...  [tcl] ucliGUI::getSignalValues -scope bk_adder_32bit_tb -radix {decimal } -list {{sum[31:0]} }
02:33:06    51 --> ...      [tcl] ucliGUI::getSignalValues -scope bk_adder_32bit_tb -radix {decimal } -list {{a[31:0]} }
02:33:06    52 --> ...          [tcl] ucliGUI::getSignalValues -scope bk_adder_32bit_tb -radix {decimal } -list {{b[31:0]} }
02:38:22    53 --> ...              [tcl] if [catch {gui_sim_terminate}] {gui_sim_terminate -kill}
02:38:22    54 --> ...                  [tcl] synopsys::finish
02:38:22    55 --> ...                      [tcl] set ucliGUI::state
02:38:22    56 --> ...                          [tcl] gui_update_simulator_buttons
02:38:22    57 --> ...                              [tcl] set ucliGUI::state
02:38:22    58 --> ...                                  [tcl] catch {senv activeDomain} dveMisc::result 
02:38:22    59 --> ...                                      [tcl] set dveMisc::result
02:38:22    60 --> ...                                          [tcl] gui_update_simulator_buttons
02:38:22    61 --> ...                                              [tcl] catch {senv activeDomain} dveMisc::result 
02:38:22    62 --> ...                                                  [tcl] set dveMisc::result
02:38:23    63 --> ...                                                      [tcl] ucli_exit
