# Preference setting overrides
gui_create_pref_key -category {Globals} -key {load_detail_for_funcov} -value_type {bool} -value {false}

# State setting overrides
gui_state_default_create -off -ini
gui_set_state_value -category Layout -key child_console_size_x -value 1702
gui_set_state_value -category Layout -key child_console_size_y -value 282
gui_set_state_value -category Layout -key child_data_size_x -value 170
gui_set_state_value -category Layout -key child_data_size_y -value 498
gui_set_state_value -category Layout -key child_hier_col3 -value {-1}
gui_set_state_value -category Layout -key child_hier_colpd -value 0
gui_set_state_value -category Layout -key child_hier_size_x -value 170
gui_set_state_value -category Layout -key child_hier_size_y -value 498
gui_set_state_value -category Layout -key child_source_docknewline -value false
gui_set_state_value -category Layout -key child_source_pos_x -value {-2}
gui_set_state_value -category Layout -key child_source_pos_y -value {-15}
gui_set_state_value -category Layout -key child_source_size_x -value 1365
gui_set_state_value -category Layout -key child_source_size_y -value 493
gui_set_state_value -category Layout -key child_wave_col1 -value 1
gui_set_state_value -category Layout -key child_wave_col2 -value 0
gui_set_state_value -category Layout -key child_wave_colname -value 84
gui_set_state_value -category Layout -key child_wave_colvalue -value 107
gui_set_state_value -category Layout -key child_wave_left -value 248
gui_set_state_value -category Layout -key child_wave_right -value 1389
gui_set_state_value -category Layout -key main_pos_x -value 8
gui_set_state_value -category Layout -key main_pos_y -value 31
gui_set_state_value -category Layout -key main_size_x -value 1710
gui_set_state_value -category Layout -key main_size_y -value 910
gui_set_state_value -category Layout -key stand_wave_child_docknewline -value false
gui_set_state_value -category Layout -key stand_wave_child_pos_x -value {-2}
gui_set_state_value -category Layout -key stand_wave_child_pos_y -value {-15}
gui_set_state_value -category Layout -key stand_wave_child_size_x -value 1647
gui_set_state_value -category Layout -key stand_wave_child_size_y -value 758
gui_set_state_value -category Layout -key stand_wave_top_pos_x -value 8
gui_set_state_value -category Layout -key stand_wave_top_pos_y -value 31
gui_set_state_value -category Layout -key stand_wave_top_size_x -value 1650
gui_set_state_value -category Layout -key stand_wave_top_size_y -value 893
gui_create_state_key -category FindDialog -key m_pMatchCase -value_type bool -value false
gui_create_state_key -category FindDialog -key m_pMatchWord -value_type bool -value false
gui_create_state_key -category FindDialog -key m_pUseCombo -value_type string -value {}
gui_create_state_key -category FindDialog -key m_pWrapAround -value_type bool -value true
gui_create_state_key -category Widget_History -key {dlgSimSetup|m_setupTab|tab pages|BuildTab|m_rebuildBtnGroup|m_customCmdCombo} -value_type string -value ./run
gui_create_state_key -category Widget_History -key {dlgSimSetup|m_setupTab|tab pages|BuildTab|m_rebuildBtnGroup|m_customDirCombo} -value_type string -value {/ /afs/ee.ust.hk/staff/ee/bxieaf/eesm5020/bk_adder/behav_sim/}
gui_create_state_key -category Widget_History -key {dlgSimSetup|m_setupTab|tab pages|SimTab|m_VPDCombo} -value_type string -value inter.vpd
gui_create_state_key -category Widget_History -key {dlgSimSetup|m_setupTab|tab pages|SimTab|m_argsCombo} -value_type string -value {{-ucligui }}
gui_create_state_key -category Widget_History -key {dlgSimSetup|m_setupTab|tab pages|SimTab|m_curDirCombo} -value_type string -value /afs/ee.ust.hk/staff/ee/bxieaf/eesm5020/bk_adder/behav_sim
gui_create_state_key -category Widget_History -key {dlgSimSetup|m_setupTab|tab pages|SimTab|m_exeCombo} -value_type string -value {./simv /afs/ee.ust.hk/staff/ee/bxieaf/eesm5020/bk_adder/behav_sim/simv}
gui_state_default_create -off

# Begin command logging
gui_sim_run Ucli -exe ./simv -args {-ucligui  } -dir .
gui_list_select -id Data.1 -selected  { bk_adder_32bit_tb.cin   }
gui_list_select -id Data.1 -selected  { {bk_adder_32bit_tb.sum[31:0]}  bk_adder_32bit_tb.cout  {bk_adder_32bit_tb.a[31:0]}  {bk_adder_32bit_tb.b[31:0]}  bk_adder_32bit_tb.cin   }
gui_open_window Wave
gui_list_add -id Wave.1 -from Data.1 { {bk_adder_32bit_tb.sum[31:0]} bk_adder_32bit_tb.cout {bk_adder_32bit_tb.a[31:0]} {bk_adder_32bit_tb.b[31:0]} bk_adder_32bit_tb.cin } -insertionbar
gui_sim_continue  
gui_list_select -id Wave.1 -selected  { {bk_adder_32bit_tb.sum[31:0]}   }
gui_list_select -id Wave.1 -selected  { {bk_adder_32bit_tb.sum[31:0]}  bk_adder_32bit_tb.cout  {bk_adder_32bit_tb.a[31:0]}  {bk_adder_32bit_tb.b[31:0]}  bk_adder_32bit_tb.cin   }
gui_list_set_selected_property -id Wave.1 -radix decimal
gui_zoom -window  Wave.1  -full
gui_marker_move -id  Wave.1 C1 23579
gui_marker_move -id  Wave.1 C1 10526
gui_marker_select -id  Wave.1 { C1 }
gui_marker_move -id  Wave.1 C1 10786
gui_wv_zoom_timerange -id  Wave.1 7579 15158
gui_marker_move -id  Wave.1 C1 10084
gui_marker_move -id  Wave.1 C1 10786
gui_close_window -window TopLevel.2
